<?xml version="1.0" encoding="UTF-8"?>
<!-- Generated by org.testng.reporters.JUnitXMLReporter -->
<testsuite hostname="LAPTOP-0RJKPN1U" ignored="3" name="Default test(failed)" tests="1" failures="1" timestamp="2019-11-27T20:00:53 CST" time="8.662" errors="0">
  <testcase name="testTextFilledIsPopulated" time="3.803" classname="com.learning.automation.MySeleniumAutomation">
    <failure type="org.openqa.selenium.NoSuchElementException" message="Cannot locate an element using xpath=//input[@name = &amp;apos;firstName&amp;apos;]
For documentation on this error, please visit: https://www.seleniumhq.org/exceptions/no_such_element.html
Build info: version: &amp;apos;3.141.59&amp;apos;, revision: &amp;apos;e82be7d358&amp;apos;, time: &amp;apos;2018-11-14T08:25:53&amp;apos;
System info: host: &amp;apos;LAPTOP-0RJKPN1U&amp;apos;, ip: &amp;apos;192.168.1.86&amp;apos;, os.name: &amp;apos;Windows 10&amp;apos;, os.arch: &amp;apos;amd64&amp;apos;, os.version: &amp;apos;10.0&amp;apos;, java.version: &amp;apos;1.8.0_231&amp;apos;
Driver info: driver.version: RemoteWebDriver">
      <![CDATA[org.openqa.selenium.NoSuchElementException: Cannot locate an element using xpath=//input[@name = 'firstName']
For documentation on this error, please visit: https://www.seleniumhq.org/exceptions/no_such_element.html
Build info: version: '3.141.59', revision: 'e82be7d358', time: '2018-11-14T08:25:53'
System info: host: 'LAPTOP-0RJKPN1U', ip: '192.168.1.86', os.name: 'Windows 10', os.arch: 'amd64', os.version: '10.0', java.version: '1.8.0_231'
Driver info: driver.version: RemoteWebDriver
at org.openqa.selenium.remote.RemoteWebDriver.findElement(RemoteWebDriver.java:327)
at org.openqa.selenium.remote.RemoteWebDriver.findElementByXPath(RemoteWebDriver.java:428)
at org.openqa.selenium.By$ByXPath.findElement(By.java:353)
at org.openqa.selenium.remote.RemoteWebDriver.findElement(RemoteWebDriver.java:315)
at com.learning.automation.MySeleniumAutomation2.verifyFirstName(MySeleniumAutomation2.java:31)
at com.learning.automation.MySeleniumAutomation.testTextFilledIsPopulated(MySeleniumAutomation.java:52)
at java.util.ArrayList.forEach(Unknown Source)
... Removed 27 stack frames]]>
    </failure>
  </testcase> <!-- testTextFilledIsPopulated -->
  <testcase name="testSubmitButton" time="0.0" classname="com.learning.automation.MySeleniumAutomation">
    <ignored/>
  </testcase> <!-- testSubmitButton -->
  <testcase name="verifyHomepageTitle" time="0.0" classname="com.learning.automation.MySeleniumAutomation">
    <ignored/>
  </testcase> <!-- verifyHomepageTitle -->
  <testcase name="testTheRegisterLink" time="0.0" classname="com.learning.automation.MySeleniumAutomation">
    <ignored/>
  </testcase> <!-- testTheRegisterLink -->
</testsuite> <!-- Default test(failed) -->
